2016-12-29 23:01:47,338 INFO  [org.jboss.modules] (main) JBoss Modules version 1.5.2.Final
2016-12-29 23:01:48,052 INFO  [org.jboss.msc] (main) JBoss MSC version 1.2.6.Final
2016-12-29 23:01:48,113 INFO  [org.jboss.as] (MSC service thread 1-6) WFLYSRV0049: WildFly Full 10.1.0.Final (WildFly Core 2.2.0.Final) starting
2016-12-29 23:01:48,114 DEBUG [org.jboss.as.config] (MSC service thread 1-6) Configured system properties:
	awt.toolkit = sun.awt.windows.WToolkit
	file.encoding = Cp1255
	file.encoding.pkg = sun.io
	file.separator = \
	java.awt.graphicsenv = sun.awt.Win32GraphicsEnvironment
	java.awt.headless = true
	java.awt.printerjob = sun.awt.windows.WPrinterJob
	java.class.path = C:\Users\netanel\git\CouponSystem\CouponSystemEAR\Wildfly\wildfly-10.1.0.Final\jboss-modules.jar
	java.class.version = 52.0
	java.endorsed.dirs = C:\Program Files\Java\jre1.8.0_77\lib\endorsed
	java.ext.dirs = C:\Program Files\Java\jre1.8.0_77\lib\ext;C:\WINDOWS\Sun\Java\lib\ext
	java.home = C:\Program Files\Java\jre1.8.0_77
	java.io.tmpdir = C:\Users\netanel\AppData\Local\Temp\
	java.library.path = C:\Program Files\Java\jre1.8.0_77\bin;C:\WINDOWS\Sun\Java\bin;C:\WINDOWS\system32;C:\WINDOWS;native;C:/Program Files/Java/jre1.8.0_77/bin/server;C:/Program Files/Java/jre1.8.0_77/bin;C:/Program Files/Java/jre1.8.0_77/lib/amd64;C:\Program Files (x86)\Intel\iCLS Client\;C:\Program Files\Intel\iCLS Client\;C:\ProgramData\Oracle\Java\javapath;C:\WINDOWS\system32;C:\WINDOWS;C:\WINDOWS\System32\Wbem;C:\WINDOWS\System32\WindowsPowerShell\v1.0\;C:\Program Files (x86)\Intel\Intel(R) Management Engine Components\DAL;C:\Program Files\Intel\Intel(R) Management Engine Components\DAL;C:\Program Files (x86)\Intel\Intel(R) Management Engine Components\IPT;C:\Program Files\Intel\Intel(R) Management Engine Components\IPT;C:\WINDOWS\system32\config\systemprofile\.dnx\bin;C:\Program Files\Microsoft DNX\Dnvm\;C:\Program Files\Java\jdk1.8.0_65\bin;c:\Program Files\7-Zip\;c:\gnu;C:\Program Files\nodejs\;C:\Program Files\Git\cmd;;C:\Users\netanel\AppData\Local\Microsoft\WindowsApps;C:\Users\netanel\AppData\Roaming\npm;C:\eclipse_neon\eclipse;;.
	java.net.preferIPv4Stack = true
	java.runtime.name = Java(TM) SE Runtime Environment
	java.runtime.version = 1.8.0_77-b03
	java.specification.name = Java Platform API Specification
	java.specification.vendor = Oracle Corporation
	java.specification.version = 1.8
	java.util.logging.manager = org.jboss.logmanager.LogManager
	java.vendor = Oracle Corporation
	java.vendor.url = http://java.oracle.com/
	java.vendor.url.bug = http://bugreport.sun.com/bugreport/
	java.version = 1.8.0_77
	java.vm.info = mixed mode
	java.vm.name = Java HotSpot(TM) 64-Bit Server VM
	java.vm.specification.name = Java Virtual Machine Specification
	java.vm.specification.vendor = Oracle Corporation
	java.vm.specification.version = 1.8
	java.vm.vendor = Oracle Corporation
	java.vm.version = 25.77-b03
	javax.management.builder.initial = org.jboss.as.jmx.PluggableMBeanServerBuilder
	javax.xml.datatype.DatatypeFactory = __redirected.__DatatypeFactory
	javax.xml.parsers.DocumentBuilderFactory = __redirected.__DocumentBuilderFactory
	javax.xml.parsers.SAXParserFactory = __redirected.__SAXParserFactory
	javax.xml.stream.XMLEventFactory = __redirected.__XMLEventFactory
	javax.xml.stream.XMLInputFactory = __redirected.__XMLInputFactory
	javax.xml.stream.XMLOutputFactory = __redirected.__XMLOutputFactory
	javax.xml.transform.TransformerFactory = __redirected.__TransformerFactory
	javax.xml.validation.SchemaFactory:http://www.w3.org/2001/XMLSchema = __redirected.__SchemaFactory
	javax.xml.xpath.XPathFactory:http://java.sun.com/jaxp/xpath/dom = __redirected.__XPathFactory
	jboss.bind.address = 0.0.0.0
	jboss.bind.address.management = localhost
	jboss.home.dir = C:\Users\netanel\git\CouponSystem\CouponSystemEAR\Wildfly\wildfly-10.1.0.Final
	jboss.host.name = mini
	jboss.modules.dir = C:\Users\netanel\git\CouponSystem\CouponSystemEAR\Wildfly\wildfly-10.1.0.Final\modules
	jboss.modules.system.pkgs = org.jboss.byteman
	jboss.node.name = mini
	jboss.qualified.host.name = mini
	jboss.server.base.dir = C:\Users\netanel\git\CouponSystem\CouponSystemEAR\Wildfly\wildfly-10.1.0.Final\standalone
	jboss.server.config.dir = C:\Users\netanel\git\CouponSystem\CouponSystemEAR\Wildfly\wildfly-10.1.0.Final\standalone\configuration
	jboss.server.data.dir = C:\Users\netanel\git\CouponSystem\CouponSystemEAR\Wildfly\wildfly-10.1.0.Final\standalone\data
	jboss.server.deploy.dir = C:\Users\netanel\git\CouponSystem\CouponSystemEAR\Wildfly\wildfly-10.1.0.Final\standalone\data\content
	jboss.server.log.dir = C:\Users\netanel\git\CouponSystem\CouponSystemEAR\Wildfly\wildfly-10.1.0.Final\standalone\log
	jboss.server.name = mini
	jboss.server.persist.config = true
	jboss.server.temp.dir = C:\Users\netanel\git\CouponSystem\CouponSystemEAR\Wildfly\wildfly-10.1.0.Final\standalone\tmp
	line.separator = 

	logging.configuration = file:/C:/Users/netanel/git/CouponSystem/CouponSystemEAR/Wildfly/wildfly-10.1.0.Final/standalone/configuration/logging.properties
	module.path = C:/Users/netanel/git/CouponSystem/CouponSystemEAR/Wildfly/wildfly-10.1.0.Final/modules
	org.jboss.boot.log.file = C:/Users/netanel/git/CouponSystem/CouponSystemEAR/Wildfly/wildfly-10.1.0.Final/standalone/log/boot.log
	org.jboss.logmanager.nocolor = true
	org.jboss.resolver.warning = true
	org.xml.sax.driver = __redirected.__XMLReaderFactory
	os.arch = amd64
	os.name = Windows 10
	os.version = 10.0
	path.separator = ;
	program.name = JBossTools: WildFly 10.x
	sun.arch.data.model = 64
	sun.boot.class.path = C:\Program Files\Java\jre1.8.0_77\lib\resources.jar;C:\Program Files\Java\jre1.8.0_77\lib\rt.jar;C:\Program Files\Java\jre1.8.0_77\lib\sunrsasign.jar;C:\Program Files\Java\jre1.8.0_77\lib\jsse.jar;C:\Program Files\Java\jre1.8.0_77\lib\jce.jar;C:\Program Files\Java\jre1.8.0_77\lib\charsets.jar;C:\Program Files\Java\jre1.8.0_77\lib\jfr.jar;C:\Program Files\Java\jre1.8.0_77\classes
	sun.boot.library.path = C:\Program Files\Java\jre1.8.0_77\bin
	sun.cpu.endian = little
	sun.cpu.isalist = amd64
	sun.desktop = windows
	sun.io.unicode.encoding = UnicodeLittle
	sun.java.command = org.jboss.modules.Main -mp C:/Users/netanel/git/CouponSystem/CouponSystemEAR/Wildfly/wildfly-10.1.0.Final/modules org.jboss.as.standalone -b 0.0.0.0 --server-config=standalone-full.xml -Djboss.server.base.dir=C:\Users\netanel\git\CouponSystem\CouponSystemEAR\Wildfly\wildfly-10.1.0.Final\standalone
	sun.java.launcher = SUN_STANDARD
	sun.jnu.encoding = Cp1255
	sun.management.compiler = HotSpot 64-Bit Tiered Compilers
	sun.os.patch.level = 
	sun.rmi.dgc.client.gcInterval = 3600000
	sun.rmi.dgc.server.gcInterval = 3600000
	user.country = US
	user.country.format = IL
	user.dir = C:\Users\netanel\git\CouponSystem\CouponSystemEAR\Wildfly\wildfly-10.1.0.Final\bin
	user.home = C:\Users\netanel
	user.language = en
	user.language.format = he
	user.name = netanel
	user.script = 
	user.timezone = Asia/Jerusalem
	user.variant = 
2016-12-29 23:01:48,115 DEBUG [org.jboss.as.config] (MSC service thread 1-6) VM Arguments: -Dprogram.name=JBossTools: WildFly 10.x -Xms64m -Xmx512m -Dorg.jboss.resolver.warning=true -Djava.net.preferIPv4Stack=true -Dsun.rmi.dgc.client.gcInterval=3600000 -Dsun.rmi.dgc.server.gcInterval=3600000 -Djboss.modules.system.pkgs=org.jboss.byteman -Djava.awt.headless=true -Dorg.jboss.boot.log.file=C:/Users/netanel/git/CouponSystem/CouponSystemEAR/Wildfly/wildfly-10.1.0.Final/standalone/log/boot.log -Dlogging.configuration=file:/C:/Users/netanel/git/CouponSystem/CouponSystemEAR/Wildfly/wildfly-10.1.0.Final/standalone/configuration/logging.properties -Djboss.home.dir=C:/Users/netanel/git/CouponSystem/CouponSystemEAR/Wildfly/wildfly-10.1.0.Final -Dorg.jboss.logmanager.nocolor=true -Djboss.bind.address.management=localhost -Dfile.encoding=Cp1255 
2016-12-29 23:01:51,892 INFO  [org.jboss.as.server.deployment.scanner] (DeploymentScanner-threads - 1) WFLYDS0004: Found CouponSystemEAR.ear in deployment directory. To trigger deployment create a file called CouponSystemEAR.ear.dodeploy
2016-12-29 23:01:51,923 INFO  [org.jboss.as.server] (Controller Boot Thread) WFLYSRV0039: Creating http management service using socket-binding (management-http)
2016-12-29 23:01:51,941 INFO  [org.xnio] (MSC service thread 1-7) XNIO version 3.4.0.Final
2016-12-29 23:01:51,947 INFO  [org.xnio.nio] (MSC service thread 1-7) XNIO NIO Implementation Version 3.4.0.Final
2016-12-29 23:01:51,982 WARN  [org.jboss.as.txn] (ServerService Thread Pool -- 60) WFLYTX0013: Node identifier property is set to the default value. Please make sure it is unique.
2016-12-29 23:01:51,987 INFO  [org.jboss.as.naming] (ServerService Thread Pool -- 52) WFLYNAM0001: Activating Naming Subsystem
2016-12-29 23:01:51,995 INFO  [org.jboss.as.clustering.infinispan] (ServerService Thread Pool -- 41) WFLYCLINF0001: Activating Infinispan subsystem.
2016-12-29 23:01:51,998 INFO  [org.wildfly.iiop.openjdk] (ServerService Thread Pool -- 42) WFLYIIOP0001: Activating IIOP Subsystem
2016-12-29 23:01:51,994 INFO  [org.jboss.as.security] (ServerService Thread Pool -- 59) WFLYSEC0002: Activating Security Subsystem
2016-12-29 23:01:52,095 INFO  [org.jboss.as.security] (MSC service thread 1-1) WFLYSEC0001: Current PicketBox version=4.9.6.Final
2016-12-29 23:01:52,097 INFO  [org.jboss.as.webservices] (ServerService Thread Pool -- 62) WFLYWS0002: Activating WebServices Extension
2016-12-29 23:01:52,097 INFO  [org.jboss.as.jsf] (ServerService Thread Pool -- 48) WFLYJSF0007: Activated the following JSF Implementations: [main]
2016-12-29 23:01:52,107 INFO  [org.wildfly.extension.io] (ServerService Thread Pool -- 40) WFLYIO001: Worker 'default' has auto-configured to 16 core threads with 128 task threads based on your 8 available processors
2016-12-29 23:01:52,181 INFO  [org.jboss.as.connector] (MSC service thread 1-1) WFLYJCA0009: Starting JCA Subsystem (WildFly/IronJacamar 1.3.4.Final)
2016-12-29 23:01:52,186 INFO  [org.wildfly.extension.undertow] (MSC service thread 1-3) WFLYUT0003: Undertow 1.4.0.Final starting
2016-12-29 23:01:52,215 INFO  [org.jboss.remoting] (MSC service thread 1-7) JBoss Remoting version 4.0.21.Final
2016-12-29 23:01:52,228 INFO  [org.jboss.as.mail.extension] (MSC service thread 1-2) WFLYMAIL0001: Bound mail session [java:jboss/mail/Default]
2016-12-29 23:01:52,227 INFO  [org.jboss.as.naming] (MSC service thread 1-3) WFLYNAM0003: Starting Naming Service
2016-12-29 23:01:52,230 INFO  [org.jboss.as.connector.subsystems.datasources] (ServerService Thread Pool -- 36) WFLYJCA0004: Deploying JDBC-compliant driver class org.h2.Driver (version 1.3)
2016-12-29 23:01:52,239 INFO  [org.jboss.as.connector.deployers.jdbc] (MSC service thread 1-8) WFLYJCA0018: Started Driver service with driver-name = h2
2016-12-29 23:01:52,330 INFO  [org.jboss.as.ejb3] (MSC service thread 1-5) WFLYEJB0482: Strict pool mdb-strict-max-pool is using a max instance size of 32 (per class), which is derived from the number of CPUs on this host.
2016-12-29 23:01:52,331 INFO  [org.jboss.as.ejb3] (MSC service thread 1-7) WFLYEJB0481: Strict pool slsb-strict-max-pool is using a max instance size of 128 (per class), which is derived from thread worker pool sizing.
2016-12-29 23:01:52,355 INFO  [org.wildfly.extension.undertow] (ServerService Thread Pool -- 61) WFLYUT0014: Creating file handler for path 'C:\Users\netanel\git\CouponSystem\CouponSystemEAR\Wildfly\wildfly-10.1.0.Final/welcome-content' with options [directory-listing: 'false', follow-symlink: 'false', case-sensitive: 'true', safe-symlink-paths: '[]']
2016-12-29 23:01:52,366 INFO  [org.wildfly.extension.undertow] (MSC service thread 1-6) WFLYUT0012: Started server default-server.
2016-12-29 23:01:52,370 INFO  [org.wildfly.extension.undertow] (MSC service thread 1-1) WFLYUT0018: Host default-host starting
2016-12-29 23:01:52,371 INFO  [org.wildfly.extension.undertow] (ServerService Thread Pool -- 61) WFLYUT0014: Creating file handler for path 'C:\\Users\\netanel\\git\\CouponSystem\\CouponSystemWeb\\WebContent\\icons' with options [directory-listing: 'true', follow-symlink: 'false', case-sensitive: 'true', safe-symlink-paths: '[]']
2016-12-29 23:01:52,428 INFO  [org.wildfly.extension.undertow] (MSC service thread 1-6) WFLYUT0006: Undertow HTTP listener default listening on 0.0.0.0:8080
2016-12-29 23:01:52,721 INFO  [org.jboss.as.connector.subsystems.datasources] (MSC service thread 1-7) WFLYJCA0001: Bound data source [java:jboss/datasources/ExampleDS]
2016-12-29 23:01:52,893 INFO  [org.wildfly.extension.messaging-activemq] (MSC service thread 1-5) WFLYMSGAMQ0001: AIO wasn't located on this platform, it will fall back to using pure Java NIO.
2016-12-29 23:01:52,988 WARN  [org.jboss.as.domain.management.security] (MSC service thread 1-7) WFLYDM0111: Keystore C:\Users\netanel\git\CouponSystem\CouponSystemEAR\Wildfly\wildfly-10.1.0.Final\standalone\configuration\application.keystore not found, it will be auto generated on first use with a self signed certificate for host localhost
2016-12-29 23:01:53,006 INFO  [org.jboss.as.server.deployment.scanner] (MSC service thread 1-7) WFLYDS0013: Started FileSystemDeploymentService for directory C:\Users\netanel\git\CouponSystem\CouponSystemEAR\Wildfly\wildfly-10.1.0.Final\standalone\deployments
2016-12-29 23:01:53,011 INFO  [org.jboss.as.server.deployment] (MSC service thread 1-5) WFLYSRV0027: Starting deployment of "derbyclient.jar" (runtime-name: "derbyclient.jar")
2016-12-29 23:01:53,011 INFO  [org.jboss.as.server.deployment] (MSC service thread 1-8) WFLYSRV0027: Starting deployment of "CouponSystemEAR.ear" (runtime-name: "CouponSystemEAR.ear")
2016-12-29 23:01:53,093 INFO  [org.apache.activemq.artemis.core.server] (ServerService Thread Pool -- 64) AMQ221000: live Message Broker is starting with configuration Broker Configuration (clustered=false,journalDirectory=C:\Users\netanel\git\CouponSystem\CouponSystemEAR\Wildfly\wildfly-10.1.0.Final\standalone\data\activemq\journal,bindingsDirectory=C:\Users\netanel\git\CouponSystem\CouponSystemEAR\Wildfly\wildfly-10.1.0.Final\standalone\data\activemq\bindings,largeMessagesDirectory=C:\Users\netanel\git\CouponSystem\CouponSystemEAR\Wildfly\wildfly-10.1.0.Final\standalone\data\activemq\largemessages,pagingDirectory=C:\Users\netanel\git\CouponSystem\CouponSystemEAR\Wildfly\wildfly-10.1.0.Final\standalone\data\activemq\paging)
2016-12-29 23:01:53,116 INFO  [org.infinispan.factories.GlobalComponentRegistry] (MSC service thread 1-6) ISPN000128: Infinispan version: Infinispan 'Chakra' 8.2.4.Final
2016-12-29 23:01:53,416 INFO  [org.apache.activemq.artemis.core.server] (ServerService Thread Pool -- 64) AMQ221013: Using NIO Journal
2016-12-29 23:01:53,439 INFO  [org.infinispan.configuration.cache.EvictionConfigurationBuilder] (ServerService Thread Pool -- 70) ISPN000152: Passivation configured without an eviction policy being selected. Only manually evicted entities will be passivated.
2016-12-29 23:01:53,440 INFO  [org.infinispan.configuration.cache.EvictionConfigurationBuilder] (ServerService Thread Pool -- 69) ISPN000152: Passivation configured without an eviction policy being selected. Only manually evicted entities will be passivated.
2016-12-29 23:01:53,446 INFO  [org.infinispan.configuration.cache.EvictionConfigurationBuilder] (ServerService Thread Pool -- 69) ISPN000152: Passivation configured without an eviction policy being selected. Only manually evicted entities will be passivated.
2016-12-29 23:01:53,447 INFO  [org.infinispan.configuration.cache.EvictionConfigurationBuilder] (ServerService Thread Pool -- 70) ISPN000152: Passivation configured without an eviction policy being selected. Only manually evicted entities will be passivated.
2016-12-29 23:01:53,447 INFO  [org.infinispan.configuration.cache.EvictionConfigurationBuilder] (ServerService Thread Pool -- 65) ISPN000152: Passivation configured without an eviction policy being selected. Only manually evicted entities will be passivated.
2016-12-29 23:01:53,448 INFO  [org.infinispan.configuration.cache.EvictionConfigurationBuilder] (ServerService Thread Pool -- 65) ISPN000152: Passivation configured without an eviction policy being selected. Only manually evicted entities will be passivated.
2016-12-29 23:01:53,472 INFO  [org.wildfly.extension.undertow] (MSC service thread 1-1) WFLYUT0006: Undertow HTTPS listener https listening on 0.0.0.0:8443
2016-12-29 23:01:53,482 INFO  [org.wildfly.iiop.openjdk] (MSC service thread 1-3) WFLYIIOP0009: CORBA ORB Service started
2016-12-29 23:01:53,497 INFO  [org.jboss.as.server.deployment] (MSC service thread 1-7) WFLYSRV0207: Starting subdeployment (runtime-name: "CouponSystemWeb.war")
2016-12-29 23:01:53,498 INFO  [org.jboss.as.server.deployment] (MSC service thread 1-2) WFLYSRV0207: Starting subdeployment (runtime-name: "CouponSystemEJB.jar")
2016-12-29 23:01:53,590 WARN  [org.jboss.as.server.deployment] (MSC service thread 1-8) WFLYSRV0059: Class Path entry derbyLocale_cs.jar in /C:/Users/netanel/git/CouponSystem/CouponSystemEAR/Wildfly/wildfly-10.1.0.Final/bin/content/derbyclient.jar  does not point to a valid jar for a Class-Path reference.
2016-12-29 23:01:53,590 WARN  [org.jboss.as.server.deployment] (MSC service thread 1-8) WFLYSRV0059: Class Path entry derbyLocale_de_DE.jar in /C:/Users/netanel/git/CouponSystem/CouponSystemEAR/Wildfly/wildfly-10.1.0.Final/bin/content/derbyclient.jar  does not point to a valid jar for a Class-Path reference.
2016-12-29 23:01:53,591 WARN  [org.jboss.as.server.deployment] (MSC service thread 1-8) WFLYSRV0059: Class Path entry derbyLocale_es.jar in /C:/Users/netanel/git/CouponSystem/CouponSystemEAR/Wildfly/wildfly-10.1.0.Final/bin/content/derbyclient.jar  does not point to a valid jar for a Class-Path reference.
2016-12-29 23:01:53,591 WARN  [org.jboss.as.server.deployment] (MSC service thread 1-8) WFLYSRV0059: Class Path entry derbyLocale_fr.jar in /C:/Users/netanel/git/CouponSystem/CouponSystemEAR/Wildfly/wildfly-10.1.0.Final/bin/content/derbyclient.jar  does not point to a valid jar for a Class-Path reference.
2016-12-29 23:01:53,591 WARN  [org.jboss.as.server.deployment] (MSC service thread 1-8) WFLYSRV0059: Class Path entry derbyLocale_hu.jar in /C:/Users/netanel/git/CouponSystem/CouponSystemEAR/Wildfly/wildfly-10.1.0.Final/bin/content/derbyclient.jar  does not point to a valid jar for a Class-Path reference.
2016-12-29 23:01:53,591 WARN  [org.jboss.as.server.deployment] (MSC service thread 1-8) WFLYSRV0059: Class Path entry derbyLocale_it.jar in /C:/Users/netanel/git/CouponSystem/CouponSystemEAR/Wildfly/wildfly-10.1.0.Final/bin/content/derbyclient.jar  does not point to a valid jar for a Class-Path reference.
2016-12-29 23:01:53,591 WARN  [org.jboss.as.server.deployment] (MSC service thread 1-8) WFLYSRV0059: Class Path entry derbyLocale_ja_JP.jar in /C:/Users/netanel/git/CouponSystem/CouponSystemEAR/Wildfly/wildfly-10.1.0.Final/bin/content/derbyclient.jar  does not point to a valid jar for a Class-Path reference.
2016-12-29 23:01:53,591 WARN  [org.jboss.as.server.deployment] (MSC service thread 1-8) WFLYSRV0059: Class Path entry derbyLocale_ko_KR.jar in /C:/Users/netanel/git/CouponSystem/CouponSystemEAR/Wildfly/wildfly-10.1.0.Final/bin/content/derbyclient.jar  does not point to a valid jar for a Class-Path reference.
2016-12-29 23:01:53,592 WARN  [org.jboss.as.server.deployment] (MSC service thread 1-8) WFLYSRV0059: Class Path entry derbyLocale_pl.jar in /C:/Users/netanel/git/CouponSystem/CouponSystemEAR/Wildfly/wildfly-10.1.0.Final/bin/content/derbyclient.jar  does not point to a valid jar for a Class-Path reference.
2016-12-29 23:01:53,592 WARN  [org.jboss.as.server.deployment] (MSC service thread 1-8) WFLYSRV0059: Class Path entry derbyLocale_pt_BR.jar in /C:/Users/netanel/git/CouponSystem/CouponSystemEAR/Wildfly/wildfly-10.1.0.Final/bin/content/derbyclient.jar  does not point to a valid jar for a Class-Path reference.
2016-12-29 23:01:53,592 WARN  [org.jboss.as.server.deployment] (MSC service thread 1-8) WFLYSRV0059: Class Path entry derbyLocale_ru.jar in /C:/Users/netanel/git/CouponSystem/CouponSystemEAR/Wildfly/wildfly-10.1.0.Final/bin/content/derbyclient.jar  does not point to a valid jar for a Class-Path reference.
2016-12-29 23:01:53,592 WARN  [org.jboss.as.server.deployment] (MSC service thread 1-8) WFLYSRV0059: Class Path entry derbyLocale_zh_CN.jar in /C:/Users/netanel/git/CouponSystem/CouponSystemEAR/Wildfly/wildfly-10.1.0.Final/bin/content/derbyclient.jar  does not point to a valid jar for a Class-Path reference.
2016-12-29 23:01:53,593 WARN  [org.jboss.as.server.deployment] (MSC service thread 1-8) WFLYSRV0059: Class Path entry derbyLocale_zh_TW.jar in /C:/Users/netanel/git/CouponSystem/CouponSystemEAR/Wildfly/wildfly-10.1.0.Final/bin/content/derbyclient.jar  does not point to a valid jar for a Class-Path reference.
2016-12-29 23:01:53,633 INFO  [org.apache.activemq.artemis.core.server] (ServerService Thread Pool -- 64) AMQ221043: Protocol module found: [artemis-server]. Adding protocol support for: CORE
2016-12-29 23:01:53,723 INFO  [org.apache.activemq.artemis.core.server] (ServerService Thread Pool -- 64) AMQ221043: Protocol module found: [artemis-amqp-protocol]. Adding protocol support for: AMQP
2016-12-29 23:01:53,731 INFO  [org.apache.activemq.artemis.core.server] (ServerService Thread Pool -- 64) AMQ221043: Protocol module found: [artemis-hornetq-protocol]. Adding protocol support for: HORNETQ
2016-12-29 23:01:53,732 INFO  [org.apache.activemq.artemis.core.server] (ServerService Thread Pool -- 64) AMQ221043: Protocol module found: [artemis-stomp-protocol]. Adding protocol support for: STOMP
2016-12-29 23:01:54,131 INFO  [org.apache.activemq.artemis.core.server] (ServerService Thread Pool -- 64) AMQ221019: Deleting unreferenced message id=30,064,777,234 from the journal
2016-12-29 23:01:54,135 INFO  [org.wildfly.extension.messaging-activemq] (MSC service thread 1-5) WFLYMSGAMQ0016: Registered HTTP upgrade for activemq-remoting protocol handled by http-acceptor-throughput acceptor
2016-12-29 23:01:54,135 INFO  [org.wildfly.extension.messaging-activemq] (MSC service thread 1-2) WFLYMSGAMQ0016: Registered HTTP upgrade for activemq-remoting protocol handled by http-acceptor acceptor
2016-12-29 23:01:54,135 INFO  [org.wildfly.extension.messaging-activemq] (MSC service thread 1-4) WFLYMSGAMQ0016: Registered HTTP upgrade for activemq-remoting protocol handled by http-acceptor-throughput acceptor
2016-12-29 23:01:54,135 INFO  [org.wildfly.extension.messaging-activemq] (MSC service thread 1-8) WFLYMSGAMQ0016: Registered HTTP upgrade for activemq-remoting protocol handled by http-acceptor acceptor
2016-12-29 23:01:54,225 INFO  [org.jboss.ws.common.management] (MSC service thread 1-1) JBWS022052: Starting JBossWS 5.1.5.Final (Apache CXF 3.1.6) 
2016-12-29 23:01:54,241 INFO  [org.apache.activemq.artemis.core.server] (ServerService Thread Pool -- 64) AMQ221007: Server is now live
2016-12-29 23:01:54,241 INFO  [org.apache.activemq.artemis.core.server] (ServerService Thread Pool -- 64) AMQ221001: Apache ActiveMQ Artemis Message Broker version 1.1.0.wildfly-017 [nodeID=d6d5200f-c05a-11e6-bfd3-75e9f15e2af0] 
2016-12-29 23:01:54,262 INFO  [org.wildfly.extension.messaging-activemq] (ServerService Thread Pool -- 64) WFLYMSGAMQ0002: Bound messaging object to jndi name java:/ConnectionFactory
2016-12-29 23:01:54,277 INFO  [org.apache.activemq.artemis.core.server] (ServerService Thread Pool -- 69) AMQ221003: trying to deploy queue jms.queue.IncomeQueue
2016-12-29 23:01:54,286 INFO  [org.apache.activemq.artemis.core.server] (ServerService Thread Pool -- 70) AMQ221003: trying to deploy queue jms.queue.ExpiryQueue
2016-12-29 23:01:54,288 INFO  [org.apache.activemq.artemis.core.server] (ServerService Thread Pool -- 65) AMQ221003: trying to deploy queue jms.queue.DLQ
2016-12-29 23:01:54,291 INFO  [org.apache.activemq.artemis.jms.server] (ServerService Thread Pool -- 73) AMQ121005: Invalid "host" value "0.0.0.0" detected for "http-connector" connector. Switching to "MINI". If this new address is incorrect please manually configure the connector to use the proper one.
2016-12-29 23:01:54,292 INFO  [org.wildfly.extension.messaging-activemq] (ServerService Thread Pool -- 73) WFLYMSGAMQ0002: Bound messaging object to jndi name java:jboss/exported/jms/RemoteConnectionFactory
2016-12-29 23:01:54,333 INFO  [org.jboss.as.connector.deployment] (MSC service thread 1-1) WFLYJCA0007: Registered connection factory java:/JmsXA
2016-12-29 23:01:54,374 INFO  [org.apache.activemq.artemis.ra] (MSC service thread 1-1) Resource adaptor started
2016-12-29 23:01:54,374 INFO  [org.jboss.as.connector.services.resourceadapters.ResourceAdapterActivatorService$ResourceAdapterActivator] (MSC service thread 1-1) IJ020002: Deployed: file://RaActivatoractivemq-ra
2016-12-29 23:01:54,376 INFO  [org.wildfly.extension.messaging-activemq] (MSC service thread 1-4) WFLYMSGAMQ0002: Bound messaging object to jndi name java:jboss/DefaultJMSConnectionFactory
2016-12-29 23:01:54,376 INFO  [org.jboss.as.connector.deployment] (MSC service thread 1-3) WFLYJCA0002: Bound JCA ConnectionFactory [java:/JmsXA]
2016-12-29 23:01:54,465 INFO  [org.jboss.as.connector.deployers.jdbc] (MSC service thread 1-3) WFLYJCA0004: Deploying JDBC-compliant driver class org.apache.derby.jdbc.ClientDriver (version 10.13)
2016-12-29 23:01:54,477 INFO  [org.jboss.as.connector.deployers.jdbc] (MSC service thread 1-3) WFLYJCA0018: Started Driver service with driver-name = derbyclient.jar
2016-12-29 23:01:54,481 INFO  [org.jboss.as.connector.subsystems.datasources] (MSC service thread 1-5) WFLYJCA0001: Bound data source [java:/couponDB]
2016-12-29 23:01:55,821 WARN  [org.jboss.as.server.deployment] (MSC service thread 1-7) WFLYSRV0059: Class Path entry derbyLocale_cs.jar in /C:/Users/netanel/git/CouponSystem/CouponSystemEAR/Wildfly/wildfly-10.1.0.Final/standalone/deployments/CouponSystemEAR.ear/CouponSystemWeb.war/WEB-INF/lib/derby-10.13.1.1.jar  does not point to a valid jar for a Class-Path reference.
2016-12-29 23:01:55,821 WARN  [org.jboss.as.server.deployment] (MSC service thread 1-7) WFLYSRV0059: Class Path entry derbyLocale_de_DE.jar in /C:/Users/netanel/git/CouponSystem/CouponSystemEAR/Wildfly/wildfly-10.1.0.Final/standalone/deployments/CouponSystemEAR.ear/CouponSystemWeb.war/WEB-INF/lib/derby-10.13.1.1.jar  does not point to a valid jar for a Class-Path reference.
2016-12-29 23:01:55,822 WARN  [org.jboss.as.server.deployment] (MSC service thread 1-7) WFLYSRV0059: Class Path entry derbyLocale_es.jar in /C:/Users/netanel/git/CouponSystem/CouponSystemEAR/Wildfly/wildfly-10.1.0.Final/standalone/deployments/CouponSystemEAR.ear/CouponSystemWeb.war/WEB-INF/lib/derby-10.13.1.1.jar  does not point to a valid jar for a Class-Path reference.
2016-12-29 23:01:55,822 WARN  [org.jboss.as.server.deployment] (MSC service thread 1-7) WFLYSRV0059: Class Path entry derbyLocale_fr.jar in /C:/Users/netanel/git/CouponSystem/CouponSystemEAR/Wildfly/wildfly-10.1.0.Final/standalone/deployments/CouponSystemEAR.ear/CouponSystemWeb.war/WEB-INF/lib/derby-10.13.1.1.jar  does not point to a valid jar for a Class-Path reference.
2016-12-29 23:01:55,822 WARN  [org.jboss.as.server.deployment] (MSC service thread 1-7) WFLYSRV0059: Class Path entry derbyLocale_hu.jar in /C:/Users/netanel/git/CouponSystem/CouponSystemEAR/Wildfly/wildfly-10.1.0.Final/standalone/deployments/CouponSystemEAR.ear/CouponSystemWeb.war/WEB-INF/lib/derby-10.13.1.1.jar  does not point to a valid jar for a Class-Path reference.
2016-12-29 23:01:55,822 WARN  [org.jboss.as.server.deployment] (MSC service thread 1-7) WFLYSRV0059: Class Path entry derbyLocale_it.jar in /C:/Users/netanel/git/CouponSystem/CouponSystemEAR/Wildfly/wildfly-10.1.0.Final/standalone/deployments/CouponSystemEAR.ear/CouponSystemWeb.war/WEB-INF/lib/derby-10.13.1.1.jar  does not point to a valid jar for a Class-Path reference.
2016-12-29 23:01:55,822 WARN  [org.jboss.as.server.deployment] (MSC service thread 1-7) WFLYSRV0059: Class Path entry derbyLocale_ja_JP.jar in /C:/Users/netanel/git/CouponSystem/CouponSystemEAR/Wildfly/wildfly-10.1.0.Final/standalone/deployments/CouponSystemEAR.ear/CouponSystemWeb.war/WEB-INF/lib/derby-10.13.1.1.jar  does not point to a valid jar for a Class-Path reference.
2016-12-29 23:01:55,823 WARN  [org.jboss.as.server.deployment] (MSC service thread 1-7) WFLYSRV0059: Class Path entry derbyLocale_ko_KR.jar in /C:/Users/netanel/git/CouponSystem/CouponSystemEAR/Wildfly/wildfly-10.1.0.Final/standalone/deployments/CouponSystemEAR.ear/CouponSystemWeb.war/WEB-INF/lib/derby-10.13.1.1.jar  does not point to a valid jar for a Class-Path reference.
2016-12-29 23:01:55,823 WARN  [org.jboss.as.server.deployment] (MSC service thread 1-7) WFLYSRV0059: Class Path entry derbyLocale_pl.jar in /C:/Users/netanel/git/CouponSystem/CouponSystemEAR/Wildfly/wildfly-10.1.0.Final/standalone/deployments/CouponSystemEAR.ear/CouponSystemWeb.war/WEB-INF/lib/derby-10.13.1.1.jar  does not point to a valid jar for a Class-Path reference.
2016-12-29 23:01:55,823 WARN  [org.jboss.as.server.deployment] (MSC service thread 1-7) WFLYSRV0059: Class Path entry derbyLocale_pt_BR.jar in /C:/Users/netanel/git/CouponSystem/CouponSystemEAR/Wildfly/wildfly-10.1.0.Final/standalone/deployments/CouponSystemEAR.ear/CouponSystemWeb.war/WEB-INF/lib/derby-10.13.1.1.jar  does not point to a valid jar for a Class-Path reference.
2016-12-29 23:01:55,823 WARN  [org.jboss.as.server.deployment] (MSC service thread 1-7) WFLYSRV0059: Class Path entry derbyLocale_ru.jar in /C:/Users/netanel/git/CouponSystem/CouponSystemEAR/Wildfly/wildfly-10.1.0.Final/standalone/deployments/CouponSystemEAR.ear/CouponSystemWeb.war/WEB-INF/lib/derby-10.13.1.1.jar  does not point to a valid jar for a Class-Path reference.
2016-12-29 23:01:55,823 WARN  [org.jboss.as.server.deployment] (MSC service thread 1-7) WFLYSRV0059: Class Path entry derbyLocale_zh_CN.jar in /C:/Users/netanel/git/CouponSystem/CouponSystemEAR/Wildfly/wildfly-10.1.0.Final/standalone/deployments/CouponSystemEAR.ear/CouponSystemWeb.war/WEB-INF/lib/derby-10.13.1.1.jar  does not point to a valid jar for a Class-Path reference.
2016-12-29 23:01:55,823 WARN  [org.jboss.as.server.deployment] (MSC service thread 1-7) WFLYSRV0059: Class Path entry derbyLocale_zh_TW.jar in /C:/Users/netanel/git/CouponSystem/CouponSystemEAR/Wildfly/wildfly-10.1.0.Final/standalone/deployments/CouponSystemEAR.ear/CouponSystemWeb.war/WEB-INF/lib/derby-10.13.1.1.jar  does not point to a valid jar for a Class-Path reference.
2016-12-29 23:01:55,824 WARN  [org.jboss.as.server.deployment] (MSC service thread 1-7) WFLYSRV0059: Class Path entry derbyLocale_cs.jar in /C:/Users/netanel/git/CouponSystem/CouponSystemEAR/Wildfly/wildfly-10.1.0.Final/standalone/deployments/CouponSystemEAR.ear/CouponSystemWeb.war/WEB-INF/lib/derbyclient-10.13.1.1.jar  does not point to a valid jar for a Class-Path reference.
2016-12-29 23:01:55,824 WARN  [org.jboss.as.server.deployment] (MSC service thread 1-7) WFLYSRV0059: Class Path entry derbyLocale_de_DE.jar in /C:/Users/netanel/git/CouponSystem/CouponSystemEAR/Wildfly/wildfly-10.1.0.Final/standalone/deployments/CouponSystemEAR.ear/CouponSystemWeb.war/WEB-INF/lib/derbyclient-10.13.1.1.jar  does not point to a valid jar for a Class-Path reference.
2016-12-29 23:01:55,824 WARN  [org.jboss.as.server.deployment] (MSC service thread 1-7) WFLYSRV0059: Class Path entry derbyLocale_es.jar in /C:/Users/netanel/git/CouponSystem/CouponSystemEAR/Wildfly/wildfly-10.1.0.Final/standalone/deployments/CouponSystemEAR.ear/CouponSystemWeb.war/WEB-INF/lib/derbyclient-10.13.1.1.jar  does not point to a valid jar for a Class-Path reference.
2016-12-29 23:01:55,824 WARN  [org.jboss.as.server.deployment] (MSC service thread 1-7) WFLYSRV0059: Class Path entry derbyLocale_fr.jar in /C:/Users/netanel/git/CouponSystem/CouponSystemEAR/Wildfly/wildfly-10.1.0.Final/standalone/deployments/CouponSystemEAR.ear/CouponSystemWeb.war/WEB-INF/lib/derbyclient-10.13.1.1.jar  does not point to a valid jar for a Class-Path reference.
2016-12-29 23:01:55,824 WARN  [org.jboss.as.server.deployment] (MSC service thread 1-7) WFLYSRV0059: Class Path entry derbyLocale_hu.jar in /C:/Users/netanel/git/CouponSystem/CouponSystemEAR/Wildfly/wildfly-10.1.0.Final/standalone/deployments/CouponSystemEAR.ear/CouponSystemWeb.war/WEB-INF/lib/derbyclient-10.13.1.1.jar  does not point to a valid jar for a Class-Path reference.
2016-12-29 23:01:55,824 WARN  [org.jboss.as.server.deployment] (MSC service thread 1-7) WFLYSRV0059: Class Path entry derbyLocale_it.jar in /C:/Users/netanel/git/CouponSystem/CouponSystemEAR/Wildfly/wildfly-10.1.0.Final/standalone/deployments/CouponSystemEAR.ear/CouponSystemWeb.war/WEB-INF/lib/derbyclient-10.13.1.1.jar  does not point to a valid jar for a Class-Path reference.
2016-12-29 23:01:55,824 WARN  [org.jboss.as.server.deployment] (MSC service thread 1-7) WFLYSRV0059: Class Path entry derbyLocale_ja_JP.jar in /C:/Users/netanel/git/CouponSystem/CouponSystemEAR/Wildfly/wildfly-10.1.0.Final/standalone/deployments/CouponSystemEAR.ear/CouponSystemWeb.war/WEB-INF/lib/derbyclient-10.13.1.1.jar  does not point to a valid jar for a Class-Path reference.
2016-12-29 23:01:55,825 WARN  [org.jboss.as.server.deployment] (MSC service thread 1-7) WFLYSRV0059: Class Path entry derbyLocale_ko_KR.jar in /C:/Users/netanel/git/CouponSystem/CouponSystemEAR/Wildfly/wildfly-10.1.0.Final/standalone/deployments/CouponSystemEAR.ear/CouponSystemWeb.war/WEB-INF/lib/derbyclient-10.13.1.1.jar  does not point to a valid jar for a Class-Path reference.
2016-12-29 23:01:55,825 WARN  [org.jboss.as.server.deployment] (MSC service thread 1-7) WFLYSRV0059: Class Path entry derbyLocale_pl.jar in /C:/Users/netanel/git/CouponSystem/CouponSystemEAR/Wildfly/wildfly-10.1.0.Final/standalone/deployments/CouponSystemEAR.ear/CouponSystemWeb.war/WEB-INF/lib/derbyclient-10.13.1.1.jar  does not point to a valid jar for a Class-Path reference.
2016-12-29 23:01:55,825 WARN  [org.jboss.as.server.deployment] (MSC service thread 1-7) WFLYSRV0059: Class Path entry derbyLocale_pt_BR.jar in /C:/Users/netanel/git/CouponSystem/CouponSystemEAR/Wildfly/wildfly-10.1.0.Final/standalone/deployments/CouponSystemEAR.ear/CouponSystemWeb.war/WEB-INF/lib/derbyclient-10.13.1.1.jar  does not point to a valid jar for a Class-Path reference.
2016-12-29 23:01:55,825 WARN  [org.jboss.as.server.deployment] (MSC service thread 1-7) WFLYSRV0059: Class Path entry derbyLocale_ru.jar in /C:/Users/netanel/git/CouponSystem/CouponSystemEAR/Wildfly/wildfly-10.1.0.Final/standalone/deployments/CouponSystemEAR.ear/CouponSystemWeb.war/WEB-INF/lib/derbyclient-10.13.1.1.jar  does not point to a valid jar for a Class-Path reference.
2016-12-29 23:01:55,825 WARN  [org.jboss.as.server.deployment] (MSC service thread 1-7) WFLYSRV0059: Class Path entry derbyLocale_zh_CN.jar in /C:/Users/netanel/git/CouponSystem/CouponSystemEAR/Wildfly/wildfly-10.1.0.Final/standalone/deployments/CouponSystemEAR.ear/CouponSystemWeb.war/WEB-INF/lib/derbyclient-10.13.1.1.jar  does not point to a valid jar for a Class-Path reference.
2016-12-29 23:01:55,825 WARN  [org.jboss.as.server.deployment] (MSC service thread 1-7) WFLYSRV0059: Class Path entry derbyLocale_zh_TW.jar in /C:/Users/netanel/git/CouponSystem/CouponSystemEAR/Wildfly/wildfly-10.1.0.Final/standalone/deployments/CouponSystemEAR.ear/CouponSystemWeb.war/WEB-INF/lib/derbyclient-10.13.1.1.jar  does not point to a valid jar for a Class-Path reference.
2016-12-29 23:01:55,919 INFO  [org.jboss.as.jpa] (MSC service thread 1-4) WFLYJPA0002: Read persistence.xml for PersistenceUnit
2016-12-29 23:01:56,067 INFO  [org.jboss.as.jpa] (ServerService Thread Pool -- 73) WFLYJPA0010: Starting Persistence Unit (phase 1 of 2) Service 'CouponSystemEAR.ear/CouponSystemEJB.jar#PersistenceUnit'
2016-12-29 23:01:56,089 INFO  [org.hibernate.jpa.internal.util.LogHelper] (ServerService Thread Pool -- 73) HHH000204: Processing PersistenceUnitInfo [
	name: PersistenceUnit
	...]
2016-12-29 23:01:56,183 INFO  [org.hibernate.Version] (ServerService Thread Pool -- 73) HHH000412: Hibernate Core {5.0.10.Final}
2016-12-29 23:01:56,184 INFO  [org.hibernate.cfg.Environment] (ServerService Thread Pool -- 73) HHH000206: hibernate.properties not found
2016-12-29 23:01:56,186 INFO  [org.hibernate.cfg.Environment] (ServerService Thread Pool -- 73) HHH000021: Bytecode provider name : javassist
2016-12-29 23:01:56,223 INFO  [org.hibernate.annotations.common.Version] (ServerService Thread Pool -- 73) HCANN000001: Hibernate Commons Annotations {5.0.1.Final}
2016-12-29 23:01:56,262 INFO  [org.jboss.weld.deployer] (MSC service thread 1-5) WFLYWELD0003: Processing weld deployment CouponSystemEAR.ear
2016-12-29 23:01:56,645 INFO  [org.hibernate.validator.internal.util.Version] (MSC service thread 1-5) HV000001: Hibernate Validator 5.2.4.Final
2016-12-29 23:01:56,718 INFO  [org.jboss.weld.deployer] (MSC service thread 1-8) WFLYWELD0003: Processing weld deployment CouponSystemEJB.jar
2016-12-29 23:01:56,727 INFO  [org.jboss.weld.deployer] (MSC service thread 1-7) WFLYWELD0003: Processing weld deployment CouponSystemWeb.war
2016-12-29 23:01:56,733 INFO  [org.jboss.as.ejb3.deployment] (MSC service thread 1-8) WFLYEJB0473: JNDI bindings for session bean named 'IncomeServiceBean' in deployment unit 'subdeployment "CouponSystemEJB.jar" of deployment "CouponSystemEAR.ear"' are as follows:

	java:global/CouponSystemEAR/CouponSystemEJB/IncomeServiceBean!com.netanel.coupons.ejb.IncomeService
	java:app/CouponSystemEJB/IncomeServiceBean!com.netanel.coupons.ejb.IncomeService
	java:module/IncomeServiceBean!com.netanel.coupons.ejb.IncomeService
	java:jboss/exported/CouponSystemEAR/CouponSystemEJB/IncomeServiceBean!com.netanel.coupons.ejb.IncomeService
	java:global/CouponSystemEAR/CouponSystemEJB/IncomeServiceBean
	java:app/CouponSystemEJB/IncomeServiceBean
	java:module/IncomeServiceBean

2016-12-29 23:01:56,811 INFO  [org.jboss.weld.Version] (MSC service thread 1-8) WELD-000900: 2.3.5 (Final)
2016-12-29 23:01:56,892 INFO  [org.infinispan.configuration.cache.EvictionConfigurationBuilder] (ServerService Thread Pool -- 73) ISPN000152: Passivation configured without an eviction policy being selected. Only manually evicted entities will be passivated.
2016-12-29 23:01:56,892 INFO  [org.infinispan.configuration.cache.EvictionConfigurationBuilder] (ServerService Thread Pool -- 73) ISPN000152: Passivation configured without an eviction policy being selected. Only manually evicted entities will be passivated.
2016-12-29 23:01:56,927 INFO  [org.jboss.as.ejb3] (MSC service thread 1-2) WFLYEJB0042: Started message driven bean 'IncomeConsumerBean' with 'activemq-ra.rar' resource adapter
2016-12-29 23:01:56,955 INFO  [org.jboss.as.connector.deployers.jdbc] (MSC service thread 1-4) WFLYJCA0004: Deploying JDBC-compliant driver class org.apache.derby.jdbc.AutoloadedDriver (version 10.13)
2016-12-29 23:01:56,959 INFO  [org.jboss.as.connector.deployers.jdbc] (MSC service thread 1-4) WFLYJCA0004: Deploying JDBC-compliant driver class org.apache.derby.jdbc.ClientDriver (version 10.13)
2016-12-29 23:01:56,976 INFO  [org.jboss.as.connector.deployers.jdbc] (MSC service thread 1-7) WFLYJCA0018: Started Driver service with driver-name = CouponSystemWeb.war_org.apache.derby.jdbc.ClientDriver_10_13
2016-12-29 23:01:56,976 INFO  [org.jboss.as.connector.deployers.jdbc] (MSC service thread 1-4) WFLYJCA0018: Started Driver service with driver-name = CouponSystemWeb.war_org.apache.derby.jdbc.AutoloadedDriver_10_13
2016-12-29 23:01:56,990 INFO  [org.jboss.as.jpa] (ServerService Thread Pool -- 65) WFLYJPA0010: Starting Persistence Unit (phase 2 of 2) Service 'CouponSystemEAR.ear/CouponSystemEJB.jar#PersistenceUnit'
2016-12-29 23:01:57,194 INFO  [org.jboss.as.clustering.infinispan] (ServerService Thread Pool -- 73) WFLYCLINF0002: Started client-mappings cache from ejb container
2016-12-29 23:01:57,419 INFO  [org.hibernate.dialect.Dialect] (ServerService Thread Pool -- 65) HHH000400: Using dialect: org.hibernate.dialect.DerbyTenSevenDialect
2016-12-29 23:01:57,425 WARN  [org.hibernate.dialect.DerbyDialect] (ServerService Thread Pool -- 65) HHH000328: Unable to load/access derby driver class sysinfo to check versions : org.apache.derby.tools.sysinfo from [Module "org.hibernate:main" from local module loader @1c2c22f3 (finder: local module finder @18e8568 (roots: C:\Users\netanel\git\CouponSystem\CouponSystemEAR\Wildfly\wildfly-10.1.0.Final\modules,C:\Users\netanel\git\CouponSystem\CouponSystemEAR\Wildfly\wildfly-10.1.0.Final\modules\system\layers\base))]
2016-12-29 23:01:57,671 INFO  [org.hibernate.envers.boot.internal.EnversServiceImpl] (ServerService Thread Pool -- 65) Envers integration enabled? : true
2016-12-29 23:01:58,132 INFO  [org.hibernate.tool.hbm2ddl.SchemaUpdate] (ServerService Thread Pool -- 65) HHH000228: Running hbm2ddl schema update
2016-12-29 23:01:59,445 INFO  [org.wildfly.extension.undertow] (ServerService Thread Pool -- 71) WFLYUT0021: Registered web context: /CouponSystem
2016-12-29 23:01:59,528 INFO  [org.jboss.as.server] (Controller Boot Thread) WFLYSRV0010: Deployed "derbyclient.jar" (runtime-name : "derbyclient.jar")
2016-12-29 23:01:59,528 INFO  [org.jboss.as.server] (ServerService Thread Pool -- 37) WFLYSRV0010: Deployed "CouponSystemEAR.ear" (runtime-name : "CouponSystemEAR.ear")
2016-12-29 23:01:59,642 INFO  [org.jboss.as] (Controller Boot Thread) WFLYSRV0060: Http management interface listening on http://127.0.0.1:9990/management
2016-12-29 23:01:59,642 INFO  [org.jboss.as] (Controller Boot Thread) WFLYSRV0051: Admin console listening on http://127.0.0.1:9990
2016-12-29 23:01:59,642 INFO  [org.jboss.as] (Controller Boot Thread) WFLYSRV0025: WildFly Full 10.1.0.Final (WildFly Core 2.2.0.Final) started in 12641ms - Started 666 of 919 services (448 services are lazy, passive or on-demand)
2016-12-29 23:03:47,344 INFO  [org.jboss.ejb.client] (default task-24) JBoss EJB Client version 2.1.4.Final
2016-12-29 23:03:47,377 INFO  [com.mchange.v2.log.MLog] (default task-25) MLog clients using log4j logging.
2016-12-29 23:03:47,401 INFO  [com.mchange.v2.c3p0.C3P0Registry] (default task-25) Initializing c3p0-0.9.1.2 [built 21-May-2007 15:04:56; debug? true; trace: 10]
2016-12-29 23:03:47,450 INFO  [com.mchange.v2.c3p0.impl.AbstractPoolBackedDataSource] (default task-24) Initializing c3p0 pool... com.mchange.v2.c3p0.ComboPooledDataSource [ acquireIncrement -> 3, acquireRetryAttempts -> 30, acquireRetryDelay -> 1000, autoCommitOnClose -> false, automaticTestTable -> null, breakAfterAcquireFailure -> false, checkoutTimeout -> 0, connectionCustomizerClassName -> null, connectionTesterClassName -> com.mchange.v2.c3p0.impl.DefaultConnectionTester, dataSourceName -> 1hgf4019ll73hz81aobqfk|4c135706, debugUnreturnedConnectionStackTraces -> false, description -> null, driverClass -> org.apache.derby.jdbc.ClientDriver, factoryClassLocation -> null, forceIgnoreUnresolvedTransactions -> false, identityToken -> 1hgf4019ll73hz81aobqfk|4c135706, idleConnectionTestPeriod -> 0, initialPoolSize -> 3, jdbcUrl -> jdbc:derby://localhost/C:\coupondb\DerbyCouponDb.db, maxAdministrativeTaskTime -> 0, maxConnectionAge -> 0, maxIdleTime -> 0, maxIdleTimeExcessConnections -> 0, maxPoolSize -> 15, maxStatements -> 180, maxStatementsPerConnection -> 0, minPoolSize -> 3, numHelperThreads -> 3, numThreadsAwaitingCheckoutDefaultUser -> 0, preferredTestQuery -> null, properties -> {}, propertyCycle -> 0, testConnectionOnCheckin -> false, testConnectionOnCheckout -> false, unreturnedConnectionTimeout -> 0, usesTraditionalReflectiveProxies -> false ]
2016-12-29 23:03:56,276 INFO  [stdout] (default task-27) **********************com.netanel.coupons.ejb.IncomeServiceBean started...
2016-12-29 23:03:56,335 INFO  [org.hibernate.hql.internal.QueryTranslatorFactoryInitiator] (default task-27) HHH000397: Using ASTQueryTranslatorFactory
2016-12-29 23:06:23,176 INFO  [org.jboss.as.server] (management-handler-thread - 6) WFLYSRV0236: Suspending server with no timeout.
2016-12-29 23:06:23,208 INFO  [org.jboss.as.server] (Management Triggered Shutdown) WFLYSRV0241: Shutting down in response to management operation 'shutdown'
2016-12-29 23:06:23,217 INFO  [org.jboss.as.connector.deployers.jdbc] (MSC service thread 1-6) WFLYJCA0019: Stopped Driver service with driver-name = CouponSystemWeb.war_org.apache.derby.jdbc.AutoloadedDriver_10_13
2016-12-29 23:06:23,220 INFO  [org.jboss.as.connector.deployers.jdbc] (MSC service thread 1-3) WFLYJCA0019: Stopped Driver service with driver-name = CouponSystemWeb.war_org.apache.derby.jdbc.ClientDriver_10_13
2016-12-29 23:06:23,228 INFO  [org.wildfly.extension.messaging-activemq] (ServerService Thread Pool -- 76) WFLYMSGAMQ0006: Unbound messaging object to jndi name java:jboss/exported/jms/RemoteConnectionFactory
2016-12-29 23:06:23,240 INFO  [org.wildfly.extension.undertow] (ServerService Thread Pool -- 78) WFLYUT0022: Unregistered web context: /CouponSystem
2016-12-29 23:06:23,261 INFO  [org.wildfly.extension.undertow] (MSC service thread 1-5) WFLYUT0019: Host default-host stopping
2016-12-29 23:06:23,270 INFO  [org.wildfly.extension.messaging-activemq] (MSC service thread 1-5) WFLYMSGAMQ0006: Unbound messaging object to jndi name java:jboss/DefaultJMSConnectionFactory
2016-12-29 23:06:23,270 INFO  [org.jboss.as.connector.subsystems.datasources] (MSC service thread 1-2) WFLYJCA0010: Unbound data source [java:jboss/datasources/ExampleDS]
2016-12-29 23:06:23,271 INFO  [org.jboss.as.connector.deployment] (MSC service thread 1-3) WFLYJCA0011: Unbound JCA ConnectionFactory [java:/JmsXA]
2016-12-29 23:06:23,272 INFO  [org.jboss.as.jpa] (ServerService Thread Pool -- 76) WFLYJPA0011: Stopping Persistence Unit (phase 2 of 2) Service 'CouponSystemEAR.ear/CouponSystemEJB.jar#PersistenceUnit'
2016-12-29 23:06:23,272 INFO  [org.jboss.as.connector.deployers.jdbc] (MSC service thread 1-2) WFLYJCA0019: Stopped Driver service with driver-name = h2
2016-12-29 23:06:23,277 INFO  [org.jboss.as.jpa] (ServerService Thread Pool -- 76) WFLYJPA0011: Stopping Persistence Unit (phase 1 of 2) Service 'CouponSystemEAR.ear/CouponSystemEJB.jar#PersistenceUnit'
2016-12-29 23:06:23,278 INFO  [org.jboss.as.connector.subsystems.datasources] (MSC service thread 1-2) WFLYJCA0010: Unbound data source [java:/couponDB]
2016-12-29 23:06:23,280 INFO  [org.apache.activemq.artemis.ra] (ServerService Thread Pool -- 80) AMQ151003: resource adaptor stopped
2016-12-29 23:06:23,292 INFO  [org.jboss.as.connector.deployers.jdbc] (MSC service thread 1-2) WFLYJCA0019: Stopped Driver service with driver-name = derbyclient.jar
2016-12-29 23:06:23,292 INFO  [org.jboss.as.clustering.infinispan] (ServerService Thread Pool -- 81) WFLYCLINF0003: Stopped client-mappings cache from ejb container
2016-12-29 23:06:23,299 INFO  [org.jboss.as.server.deployment] (MSC service thread 1-2) WFLYSRV0208: Stopped subdeployment (runtime-name: CouponSystemEJB.jar) in 85ms
2016-12-29 23:06:23,304 INFO  [org.wildfly.extension.undertow] (MSC service thread 1-8) WFLYUT0008: Undertow HTTPS listener https suspending
2016-12-29 23:06:23,306 INFO  [org.jboss.as.server.deployment] (MSC service thread 1-4) WFLYSRV0028: Stopped deployment derbyclient.jar (runtime-name: derbyclient.jar) in 91ms
2016-12-29 23:06:23,309 INFO  [org.wildfly.extension.undertow] (MSC service thread 1-8) WFLYUT0007: Undertow HTTPS listener https stopped, was bound to 0.0.0.0:8443
2016-12-29 23:06:23,346 INFO  [org.jboss.as.server.deployment] (MSC service thread 1-5) WFLYSRV0208: Stopped subdeployment (runtime-name: CouponSystemWeb.war) in 132ms
2016-12-29 23:06:23,347 INFO  [org.jboss.as.server.deployment] (MSC service thread 1-3) WFLYSRV0028: Stopped deployment CouponSystemEAR.ear (runtime-name: CouponSystemEAR.ear) in 133ms
2016-12-29 23:06:23,351 INFO  [org.apache.activemq.artemis.core.server] (ServerService Thread Pool -- 80) AMQ221002: Apache ActiveMQ Artemis Message Broker version 1.1.0.wildfly-017 [d6d5200f-c05a-11e6-bfd3-75e9f15e2af0] stopped
2016-12-29 23:06:23,351 INFO  [org.wildfly.extension.undertow] (MSC service thread 1-6) WFLYUT0008: Undertow HTTP listener default suspending
2016-12-29 23:06:23,352 INFO  [org.wildfly.extension.undertow] (MSC service thread 1-6) WFLYUT0007: Undertow HTTP listener default stopped, was bound to 0.0.0.0:8080
2016-12-29 23:06:23,352 INFO  [org.wildfly.extension.undertow] (MSC service thread 1-4) WFLYUT0004: Undertow 1.4.0.Final stopping
2016-12-29 23:06:23,361 INFO  [org.jboss.as] (MSC service thread 1-7) WFLYSRV0050: WildFly Full 10.1.0.Final (WildFly Core 2.2.0.Final) stopped in 143ms
